<?xml version="1.0" encoding="UTF-8"?>
<!-- Generated by org.testng.reporters.JUnitReportReporter -->
<testsuite skipped="0" hostname="LAPTOP-TVS12QHR" name="TestScripts.CreateNewproduct" tests="1" failures="0" timestamp="18 Apr 2021 08:59:17 GMT" time="29.017" errors="0">
  <testcase name="createNewproductwithTeamselling" time="29.017" classname="TestScripts.CreateNewproduct"/>
</testsuite> <!-- TestScripts.CreateNewproduct -->
