<?xml version="1.0" encoding="UTF-8"?>
<!-- Generated by org.testng.reporters.JUnitReportReporter -->
<testsuite skipped="0" hostname="LAPTOP-TVS12QHR" name="TestScripts.Createproductbyproductlink" tests="1" failures="0" timestamp="18 Apr 2021 11:18:54 GMT" time="34.164" errors="0">
  <testcase name="createNewprodbyprodlink" time="34.164" classname="TestScripts.Createproductbyproductlink"/>
</testsuite> <!-- TestScripts.Createproductbyproductlink -->
