<?xml version="1.0" encoding="UTF-8"?>
<!-- Generated by org.testng.reporters.JUnitReportReporter -->
<testsuite skipped="0" hostname="LAPTOP-TVS12QHR" name="TestScripts.CreateproductwithquickCreate" tests="1" failures="0" timestamp="18 Apr 2021 11:16:39 GMT" time="55.389" errors="0">
  <testcase name="createprodwithquick" time="55.389" classname="TestScripts.CreateproductwithquickCreate"/>
</testsuite> <!-- TestScripts.CreateproductwithquickCreate -->
