<?xml version="1.0" encoding="UTF-8"?>
<!-- Generated by org.testng.reporters.JUnitReportReporter -->
<testsuite skipped="0" hostname="LAPTOP-TVS12QHR" name="TestScripts.CreateprodwithMarketinggroup" tests="1" failures="0" timestamp="18 Apr 2021 10:11:40 GMT" time="30.853" errors="0">
  <testcase name="createprodbymarketinggroup" time="30.853" classname="TestScripts.CreateprodwithMarketinggroup"/>
</testsuite> <!-- TestScripts.CreateprodwithMarketinggroup -->
