<?xml version="1.0" encoding="UTF-8"?>
<!-- Generated by org.testng.reporters.JUnitReportReporter -->
<testsuite skipped="0" hostname="LAPTOP-TVS12QHR" name="TestScripts.Createproductwithsupportgroup" tests="1" failures="0" timestamp="18 Apr 2021 10:06:41 GMT" time="38.457" errors="0">
  <testcase name="Createprodwithsupportdd" time="38.457" classname="TestScripts.Createproductwithsupportgroup"/>
</testsuite> <!-- TestScripts.Createproductwithsupportgroup -->
